2026-04-03 14:32:50.445768 [INFO] [Context.cc:179] <<--- --- --- ---
2026-04-03 14:32:50.445806 [INFO] [Context.cc:180]   --- --- --- ---
2026-04-03 14:32:50.445812 [INFO] [Context.cc:181]   --- --- --- --->>
2026-04-03 14:32:50.445818 [INFO] [Context.cc:182] aria2 1.37.0
2026-04-03 14:32:50.445824 [INFO] [Context.cc:183] Apple LLVM 17.0.0 (clang-1700.6.3.2)
  built by  aarch64-apple-darwin25.2.0
  on        Nov 15 2023 10:43:58
2026-04-03 14:32:50.445837 [INFO] [Context.cc:184] Darwin 25.0.0 Darwin Kernel Version 25.0.0: Wed Sep 17 21:41:23 PDT 2025; root:xnu-12377.1.9~141/RELEASE_ARM64_T8122 arm64
2026-04-03 14:32:50.445842 [INFO] [Context.cc:185] zlib/1.2.12 libxml2/2.9.13 sqlite3/3.51.2 AppleTLS libssh2/1.11.1
2026-04-03 14:32:50.445847 [INFO] [Context.cc:186] Logging started.
2026-04-03 14:32:50.445852 [INFO] [SocketCore.cc:1660] Checking configured addresses
2026-04-03 14:32:50.445995 [INFO] [SocketCore.cc:1711] Not considered: 127.0.0.1
2026-04-03 14:32:50.446011 [INFO] [SocketCore.cc:1711] Not considered: ::1
2026-04-03 14:32:50.446038 [INFO] [SocketCore.cc:1711] Not considered: fe80::1%lo0
2026-04-03 14:32:50.446060 [INFO] [SocketCore.cc:1711] Not considered: fe80::4d0:754a:26c:d0d4%en0
2026-04-03 14:32:50.446066 [INFO] [SocketCore.cc:1708] Found configured address: 192.168.2.180
2026-04-03 14:32:50.446084 [INFO] [SocketCore.cc:1711] Not considered: fe80::afdf:8670:8e07:afb0%utun0
2026-04-03 14:32:50.446101 [INFO] [SocketCore.cc:1711] Not considered: fe80::c0aa:1fff:fe7c:4a69%awdl0
2026-04-03 14:32:50.446118 [INFO] [SocketCore.cc:1711] Not considered: fe80::c0aa:1fff:fe7c:4a69%llw0
2026-04-03 14:32:50.446137 [INFO] [SocketCore.cc:1711] Not considered: fe80::97da:296a:83e6:30a7%utun1
2026-04-03 14:32:50.446155 [INFO] [SocketCore.cc:1711] Not considered: fe80::ce81:b1c:bd2c:69e%utun2
2026-04-03 14:32:50.446172 [INFO] [SocketCore.cc:1711] Not considered: fe80::3ade:3083:689c:6275%utun3
2026-04-03 14:32:50.446188 [INFO] [SocketCore.cc:1711] Not considered: fe80::3514:f09c:dca3:95fe%utun4
2026-04-03 14:32:50.446205 [INFO] [SocketCore.cc:1711] Not considered: fe80::d78d:e22f:cc8:af1b%utun5
2026-04-03 14:32:50.446209 [INFO] [SocketCore.cc:1716] IPv4 configured=1, IPv6 configured=0
2026-04-03 14:32:50.446339 [WARN] [DownloadEngineFactory.cc:201] Neither --rpc-secret nor a combination of --rpc-user and --rpc-passwd is set. This is insecure. It is extremely recommended to specify --rpc-secret with the adequate secrecy or now deprecated --rpc-user and --rpc-passwd.
2026-04-03 14:32:50.446521 [INFO] [HttpListenCommand.cc:106] CUID#7 - Using port 6800 for accepting new connections
2026-04-03 14:32:50.446621 [NOTICE] [HttpListenCommand.cc:108] IPv4 RPC: listening on TCP port 6800
2026-04-03 14:32:50.446677 [INFO] [HttpListenCommand.cc:106] CUID#8 - Using port 6800 for accepting new connections
2026-04-03 14:32:50.446684 [NOTICE] [HttpListenCommand.cc:108] IPv6 RPC: listening on TCP port 6800
2026-04-03 14:33:15.418793 [INFO] [HttpListenCommand.cc:78] RPC: Accepted the connection from ::1:61290.
2026-04-03 14:33:15.418917 [INFO] [HttpServer.cc:187] HTTP Server received request
POST /jsonrpc HTTP/1.1
Host: localhost:6800
User-Agent: python-requests/2.33.1
Accept-Encoding: gzip, deflate
Accept: */*
Connection: keep-alive
Content-Length: 58


2026-04-03 14:33:15.419005 [INFO] [rpc_helper.cc:103] Executing RPC method aria2.tellActive
2026-04-03 14:33:15.419682 [INFO] [AbstractHttpServerResponseCommand.cc:118] CUID#9 - HttpServer: all response transmitted.
2026-04-03 14:33:15.419693 [INFO] [HttpServerResponseCommand.cc:60] CUID#9 - Persist connection.
2026-04-03 14:33:15.420353 [INFO] [HttpServerCommand.cc:275] CUID#9 - Error occurred while reading HTTP request
Exception: [HttpServer.cc:180] errorCode=1 Got EOF from peer.
2026-04-03 14:33:15.421326 [INFO] [HttpListenCommand.cc:78] RPC: Accepted the connection from ::1:61291.
2026-04-03 14:33:15.421353 [INFO] [HttpServer.cc:187] HTTP Server received request
POST /jsonrpc HTTP/1.1
Host: localhost:6800
User-Agent: python-requests/2.33.1
Accept-Encoding: gzip, deflate
Accept: */*
Connection: keep-alive
Content-Length: 80


2026-04-03 14:33:15.421414 [INFO] [rpc_helper.cc:103] Executing RPC method aria2.tellWaiting
2026-04-03 14:33:15.421463 [INFO] [AbstractHttpServerResponseCommand.cc:118] CUID#10 - HttpServer: all response transmitted.
2026-04-03 14:33:15.421470 [INFO] [HttpServerResponseCommand.cc:60] CUID#10 - Persist connection.
2026-04-03 14:33:15.421759 [INFO] [HttpServerCommand.cc:275] CUID#10 - Error occurred while reading HTTP request
Exception: [HttpServer.cc:180] errorCode=1 Got EOF from peer.
2026-04-03 14:33:15.422482 [INFO] [HttpListenCommand.cc:78] RPC: Accepted the connection from ::1:61292.
2026-04-03 14:33:15.422495 [INFO] [HttpServer.cc:187] HTTP Server received request
POST /jsonrpc HTTP/1.1
Host: localhost:6800
User-Agent: python-requests/2.33.1
Accept-Encoding: gzip, deflate
Accept: */*
Connection: keep-alive
Content-Length: 80


2026-04-03 14:33:15.422530 [INFO] [rpc_helper.cc:103] Executing RPC method aria2.tellStopped
2026-04-03 14:33:15.422555 [INFO] [AbstractHttpServerResponseCommand.cc:118] CUID#11 - HttpServer: all response transmitted.
2026-04-03 14:33:15.422559 [INFO] [HttpServerResponseCommand.cc:60] CUID#11 - Persist connection.
2026-04-03 14:33:15.422732 [INFO] [HttpServerCommand.cc:275] CUID#11 - Error occurred while reading HTTP request
Exception: [HttpServer.cc:180] errorCode=1 Got EOF from peer.
2026-04-03 14:33:26.907155 [INFO] [HttpListenCommand.cc:78] RPC: Accepted the connection from ::1:61306.
2026-04-03 14:33:26.907385 [INFO] [HttpServer.cc:187] HTTP Server received request
POST /jsonrpc HTTP/1.1
Host: localhost:6800
User-Agent: python-requests/2.33.1
Accept-Encoding: gzip, deflate
Accept: */*
Connection: keep-alive
Content-Length: 58


2026-04-03 14:33:26.907449 [INFO] [rpc_helper.cc:103] Executing RPC method aria2.tellActive
2026-04-03 14:33:26.907547 [INFO] [AbstractHttpServerResponseCommand.cc:118] CUID#12 - HttpServer: all response transmitted.
2026-04-03 14:33:26.907554 [INFO] [HttpServerResponseCommand.cc:60] CUID#12 - Persist connection.
2026-04-03 14:33:26.908226 [INFO] [HttpServerCommand.cc:275] CUID#12 - Error occurred while reading HTTP request
Exception: [HttpServer.cc:180] errorCode=1 Got EOF from peer.
2026-04-03 14:33:26.909764 [INFO] [HttpListenCommand.cc:78] RPC: Accepted the connection from ::1:61307.
2026-04-03 14:33:26.909811 [INFO] [HttpServer.cc:187] HTTP Server received request
POST /jsonrpc HTTP/1.1
Host: localhost:6800
User-Agent: python-requests/2.33.1
Accept-Encoding: gzip, deflate
Accept: */*
Connection: keep-alive
Content-Length: 80


2026-04-03 14:33:26.909899 [INFO] [rpc_helper.cc:103] Executing RPC method aria2.tellWaiting
2026-04-03 14:33:26.909942 [INFO] [AbstractHttpServerResponseCommand.cc:118] CUID#13 - HttpServer: all response transmitted.
2026-04-03 14:33:26.909949 [INFO] [HttpServerResponseCommand.cc:60] CUID#13 - Persist connection.
2026-04-03 14:33:26.910188 [INFO] [HttpServerCommand.cc:275] CUID#13 - Error occurred while reading HTTP request
Exception: [HttpServer.cc:180] errorCode=1 Got EOF from peer.
2026-04-03 14:33:26.910834 [INFO] [HttpListenCommand.cc:78] RPC: Accepted the connection from ::1:61308.
2026-04-03 14:33:26.910880 [INFO] [HttpServer.cc:187] HTTP Server received request
POST /jsonrpc HTTP/1.1
Host: localhost:6800
User-Agent: python-requests/2.33.1
Accept-Encoding: gzip, deflate
Accept: */*
Connection: keep-alive
Content-Length: 80


2026-04-03 14:33:26.910939 [INFO] [rpc_helper.cc:103] Executing RPC method aria2.tellStopped
2026-04-03 14:33:26.910971 [INFO] [AbstractHttpServerResponseCommand.cc:118] CUID#14 - HttpServer: all response transmitted.
2026-04-03 14:33:26.910977 [INFO] [HttpServerResponseCommand.cc:60] CUID#14 - Persist connection.
2026-04-03 14:33:26.911188 [INFO] [HttpServerCommand.cc:275] CUID#14 - Error occurred while reading HTTP request
Exception: [HttpServer.cc:180] errorCode=1 Got EOF from peer.
2026-04-03 14:34:06.897036 [INFO] [HttpListenCommand.cc:78] RPC: Accepted the connection from ::1:61351.
2026-04-03 14:34:06.897110 [INFO] [HttpServer.cc:187] HTTP Server received request
POST /jsonrpc HTTP/1.1
Host: localhost:6800
User-Agent: python-requests/2.33.1
Accept-Encoding: gzip, deflate
Accept: */*
Connection: keep-alive
Content-Length: 58


2026-04-03 14:34:06.897184 [INFO] [rpc_helper.cc:103] Executing RPC method aria2.tellActive
2026-04-03 14:34:06.897272 [INFO] [AbstractHttpServerResponseCommand.cc:118] CUID#15 - HttpServer: all response transmitted.
2026-04-03 14:34:06.897280 [INFO] [HttpServerResponseCommand.cc:60] CUID#15 - Persist connection.
2026-04-03 14:34:06.897821 [INFO] [HttpServerCommand.cc:275] CUID#15 - Error occurred while reading HTTP request
Exception: [HttpServer.cc:180] errorCode=1 Got EOF from peer.
2026-04-03 14:34:06.898689 [INFO] [HttpListenCommand.cc:78] RPC: Accepted the connection from ::1:61352.
2026-04-03 14:34:06.898721 [INFO] [HttpServer.cc:187] HTTP Server received request
POST /jsonrpc HTTP/1.1
Host: localhost:6800
User-Agent: python-requests/2.33.1
Accept-Encoding: gzip, deflate
Accept: */*
Connection: keep-alive
Content-Length: 80


2026-04-03 14:34:06.898770 [INFO] [rpc_helper.cc:103] Executing RPC method aria2.tellWaiting
2026-04-03 14:34:06.898808 [INFO] [AbstractHttpServerResponseCommand.cc:118] CUID#16 - HttpServer: all response transmitted.
2026-04-03 14:34:06.898814 [INFO] [HttpServerResponseCommand.cc:60] CUID#16 - Persist connection.
2026-04-03 14:34:06.899072 [INFO] [HttpServerCommand.cc:275] CUID#16 - Error occurred while reading HTTP request
Exception: [HttpServer.cc:180] errorCode=1 Got EOF from peer.
2026-04-03 14:34:06.899735 [INFO] [HttpListenCommand.cc:78] RPC: Accepted the connection from ::1:61353.
2026-04-03 14:34:06.899751 [INFO] [HttpServer.cc:187] HTTP Server received request
POST /jsonrpc HTTP/1.1
Host: localhost:6800
User-Agent: python-requests/2.33.1
Accept-Encoding: gzip, deflate
Accept: */*
Connection: keep-alive
Content-Length: 80


2026-04-03 14:34:06.899792 [INFO] [rpc_helper.cc:103] Executing RPC method aria2.tellStopped
2026-04-03 14:34:06.899826 [INFO] [AbstractHttpServerResponseCommand.cc:118] CUID#17 - HttpServer: all response transmitted.
2026-04-03 14:34:06.899832 [INFO] [HttpServerResponseCommand.cc:60] CUID#17 - Persist connection.
2026-04-03 14:34:06.900367 [INFO] [HttpServerCommand.cc:275] CUID#17 - Error occurred while reading HTTP request
Exception: [HttpServer.cc:180] errorCode=1 Got EOF from peer.
2026-04-03 14:34:46.897864 [INFO] [HttpListenCommand.cc:78] RPC: Accepted the connection from ::1:61398.
2026-04-03 14:34:46.898198 [INFO] [HttpServer.cc:187] HTTP Server received request
POST /jsonrpc HTTP/1.1
Host: localhost:6800
User-Agent: python-requests/2.33.1
Accept-Encoding: gzip, deflate
Accept: */*
Connection: keep-alive
Content-Length: 58


2026-04-03 14:34:46.898255 [INFO] [rpc_helper.cc:103] Executing RPC method aria2.tellActive
2026-04-03 14:34:46.898317 [INFO] [AbstractHttpServerResponseCommand.cc:118] CUID#18 - HttpServer: all response transmitted.
2026-04-03 14:34:46.898329 [INFO] [HttpServerResponseCommand.cc:60] CUID#18 - Persist connection.
2026-04-03 14:34:46.898757 [INFO] [HttpServerCommand.cc:275] CUID#18 - Error occurred while reading HTTP request
Exception: [HttpServer.cc:180] errorCode=1 Got EOF from peer.
2026-04-03 14:34:46.899847 [INFO] [HttpListenCommand.cc:78] RPC: Accepted the connection from ::1:61399.
2026-04-03 14:34:46.899891 [INFO] [HttpServer.cc:187] HTTP Server received request
POST /jsonrpc HTTP/1.1
Host: localhost:6800
User-Agent: python-requests/2.33.1
Accept-Encoding: gzip, deflate
Accept: */*
Connection: keep-alive
Content-Length: 80


2026-04-03 14:34:46.899964 [INFO] [rpc_helper.cc:103] Executing RPC method aria2.tellWaiting
2026-04-03 14:34:46.900006 [INFO] [AbstractHttpServerResponseCommand.cc:118] CUID#19 - HttpServer: all response transmitted.
2026-04-03 14:34:46.900013 [INFO] [HttpServerResponseCommand.cc:60] CUID#19 - Persist connection.
2026-04-03 14:34:46.900296 [INFO] [HttpServerCommand.cc:275] CUID#19 - Error occurred while reading HTTP request
Exception: [HttpServer.cc:180] errorCode=1 Got EOF from peer.
2026-04-03 14:34:46.900827 [INFO] [HttpListenCommand.cc:78] RPC: Accepted the connection from ::1:61400.
2026-04-03 14:34:46.900845 [INFO] [HttpServer.cc:187] HTTP Server received request
POST /jsonrpc HTTP/1.1
Host: localhost:6800
User-Agent: python-requests/2.33.1
Accept-Encoding: gzip, deflate
Accept: */*
Connection: keep-alive
Content-Length: 80


2026-04-03 14:34:46.900862 [INFO] [rpc_helper.cc:103] Executing RPC method aria2.tellStopped
2026-04-03 14:34:46.900892 [INFO] [AbstractHttpServerResponseCommand.cc:118] CUID#20 - HttpServer: all response transmitted.
2026-04-03 14:34:46.900898 [INFO] [HttpServerResponseCommand.cc:60] CUID#20 - Persist connection.
2026-04-03 14:34:46.901121 [INFO] [HttpServerCommand.cc:275] CUID#20 - Error occurred while reading HTTP request
Exception: [HttpServer.cc:180] errorCode=1 Got EOF from peer.
2026-04-03 14:35:26.906992 [INFO] [HttpListenCommand.cc:78] RPC: Accepted the connection from ::1:61483.
2026-04-03 14:35:26.907082 [INFO] [HttpServer.cc:187] HTTP Server received request
POST /jsonrpc HTTP/1.1
Host: localhost:6800
User-Agent: python-requests/2.33.1
Accept-Encoding: gzip, deflate
Accept: */*
Connection: keep-alive
Content-Length: 58


2026-04-03 14:35:26.907203 [INFO] [rpc_helper.cc:103] Executing RPC method aria2.tellActive
2026-04-03 14:35:26.907380 [INFO] [AbstractHttpServerResponseCommand.cc:118] CUID#21 - HttpServer: all response transmitted.
2026-04-03 14:35:26.907407 [INFO] [HttpServerResponseCommand.cc:60] CUID#21 - Persist connection.
2026-04-03 14:35:26.908472 [INFO] [HttpServerCommand.cc:275] CUID#21 - Error occurred while reading HTTP request
Exception: [HttpServer.cc:180] errorCode=1 Got EOF from peer.
2026-04-03 14:35:26.909589 [INFO] [HttpListenCommand.cc:78] RPC: Accepted the connection from ::1:61484.
2026-04-03 14:35:26.909631 [INFO] [HttpServer.cc:187] HTTP Server received request
POST /jsonrpc HTTP/1.1
Host: localhost:6800
User-Agent: python-requests/2.33.1
Accept-Encoding: gzip, deflate
Accept: */*
Connection: keep-alive
Content-Length: 80


2026-04-03 14:35:26.909693 [INFO] [rpc_helper.cc:103] Executing RPC method aria2.tellWaiting
2026-04-03 14:35:26.909752 [INFO] [AbstractHttpServerResponseCommand.cc:118] CUID#22 - HttpServer: all response transmitted.
2026-04-03 14:35:26.909762 [INFO] [HttpServerResponseCommand.cc:60] CUID#22 - Persist connection.
2026-04-03 14:35:26.910125 [INFO] [HttpServerCommand.cc:275] CUID#22 - Error occurred while reading HTTP request
Exception: [HttpServer.cc:180] errorCode=1 Got EOF from peer.
2026-04-03 14:35:26.910977 [INFO] [HttpListenCommand.cc:78] RPC: Accepted the connection from ::1:61485.
2026-04-03 14:35:26.911001 [INFO] [HttpServer.cc:187] HTTP Server received request
POST /jsonrpc HTTP/1.1
Host: localhost:6800
User-Agent: python-requests/2.33.1
Accept-Encoding: gzip, deflate
Accept: */*
Connection: keep-alive
Content-Length: 80


2026-04-03 14:35:26.911048 [INFO] [rpc_helper.cc:103] Executing RPC method aria2.tellStopped
2026-04-03 14:35:26.911094 [INFO] [AbstractHttpServerResponseCommand.cc:118] CUID#23 - HttpServer: all response transmitted.
2026-04-03 14:35:26.911102 [INFO] [HttpServerResponseCommand.cc:60] CUID#23 - Persist connection.
2026-04-03 14:35:26.911373 [INFO] [HttpServerCommand.cc:275] CUID#23 - Error occurred while reading HTTP request
Exception: [HttpServer.cc:180] errorCode=1 Got EOF from peer.
2026-04-03 14:35:40.551052 [NOTICE] [DownloadEngine.cc:265] Emergency shutdown sequence commencing...
